2025-08-16T17:09:36: (node:95517) [MONGOOSE] DeprecationWarning: Mongoose: the `strictQuery` option will be switched back to `false` by default in Mongoose 7. Use `mongoose.set('strictQuery', false);` if you want to prepare for this change. Or use `mongoose.set('strictQuery', true);` to suppress this warning.
(Use `node --trace-deprecation ...` to show where the warning was created)
Error: bind EADDRINUSE null:3000
    at listenOnPrimaryHandle (node:net:1989:18)
    at rr (node:internal/cluster/child:163:12)
    at Worker.<anonymous> (node:internal/cluster/child:113:7)
    at process.onInternalMessage (node:internal/cluster/utils:49:5)
    at process.emit (node:events:530:35)
    at emit (node:internal/child_process:950:14)
    at process.processTicksAndRejections (node:internal/process/task_queues:83:21)
2025-08-16T17:09:37: (node:95592) [MONGOOSE] DeprecationWarning: Mongoose: the `strictQuery` option will be switched back to `false` by default in Mongoose 7. Use `mongoose.set('strictQuery', false);` if you want to prepare for this change. Or use `mongoose.set('strictQuery', true);` to suppress this warning.
(Use `node --trace-deprecation ...` to show where the warning was created)
Error: bind EADDRINUSE null:3000
    at listenOnPrimaryHandle (node:net:1989:18)
    at rr (node:internal/cluster/child:163:12)
    at Worker.<anonymous> (node:internal/cluster/child:113:7)
    at process.onInternalMessage (node:internal/cluster/utils:49:5)
    at process.emit (node:events:530:35)
    at emit (node:internal/child_process:950:14)
    at process.processTicksAndRejections (node:internal/process/task_queues:83:21)
2025-08-16T17:09:38: (node:95598) [MONGOOSE] DeprecationWarning: Mongoose: the `strictQuery` option will be switched back to `false` by default in Mongoose 7. Use `mongoose.set('strictQuery', false);` if you want to prepare for this change. Or use `mongoose.set('strictQuery', true);` to suppress this warning.
(Use `node --trace-deprecation ...` to show where the warning was created)
Error: bind EADDRINUSE null:3000
    at listenOnPrimaryHandle (node:net:1989:18)
    at rr (node:internal/cluster/child:163:12)
    at Worker.<anonymous> (node:internal/cluster/child:113:7)
    at process.onInternalMessage (node:internal/cluster/utils:49:5)
    at process.emit (node:events:530:35)
    at emit (node:internal/child_process:950:14)
    at process.processTicksAndRejections (node:internal/process/task_queues:83:21)
2025-08-16T17:09:38: (node:95604) [MONGOOSE] DeprecationWarning: Mongoose: the `strictQuery` option will be switched back to `false` by default in Mongoose 7. Use `mongoose.set('strictQuery', false);` if you want to prepare for this change. Or use `mongoose.set('strictQuery', true);` to suppress this warning.
(Use `node --trace-deprecation ...` to show where the warning was created)
Error: bind EADDRINUSE null:3000
    at listenOnPrimaryHandle (node:net:1989:18)
    at rr (node:internal/cluster/child:163:12)
    at Worker.<anonymous> (node:internal/cluster/child:113:7)
    at process.onInternalMessage (node:internal/cluster/utils:49:5)
    at process.emit (node:events:530:35)
    at emit (node:internal/child_process:950:14)
    at process.processTicksAndRejections (node:internal/process/task_queues:83:21)
2025-08-16T17:09:39: (node:95607) [MONGOOSE] DeprecationWarning: Mongoose: the `strictQuery` option will be switched back to `false` by default in Mongoose 7. Use `mongoose.set('strictQuery', false);` if you want to prepare for this change. Or use `mongoose.set('strictQuery', true);` to suppress this warning.
(Use `node --trace-deprecation ...` to show where the warning was created)
Error: bind EADDRINUSE null:3000
    at listenOnPrimaryHandle (node:net:1989:18)
    at rr (node:internal/cluster/child:163:12)
    at Worker.<anonymous> (node:internal/cluster/child:113:7)
    at process.onInternalMessage (node:internal/cluster/utils:49:5)
    at process.emit (node:events:530:35)
    at emit (node:internal/child_process:950:14)
    at process.processTicksAndRejections (node:internal/process/task_queues:83:21)
2025-08-16T17:09:40: (node:95610) [MONGOOSE] DeprecationWarning: Mongoose: the `strictQuery` option will be switched back to `false` by default in Mongoose 7. Use `mongoose.set('strictQuery', false);` if you want to prepare for this change. Or use `mongoose.set('strictQuery', true);` to suppress this warning.
(Use `node --trace-deprecation ...` to show where the warning was created)
Error: bind EADDRINUSE null:3000
    at listenOnPrimaryHandle (node:net:1989:18)
    at rr (node:internal/cluster/child:163:12)
    at Worker.<anonymous> (node:internal/cluster/child:113:7)
    at process.onInternalMessage (node:internal/cluster/utils:49:5)
    at process.emit (node:events:530:35)
    at emit (node:internal/child_process:950:14)
    at process.processTicksAndRejections (node:internal/process/task_queues:83:21)
2025-08-16T17:09:40: (node:95613) [MONGOOSE] DeprecationWarning: Mongoose: the `strictQuery` option will be switched back to `false` by default in Mongoose 7. Use `mongoose.set('strictQuery', false);` if you want to prepare for this change. Or use `mongoose.set('strictQuery', true);` to suppress this warning.
(Use `node --trace-deprecation ...` to show where the warning was created)
Error: bind EADDRINUSE null:3000
    at listenOnPrimaryHandle (node:net:1989:18)
    at rr (node:internal/cluster/child:163:12)
    at Worker.<anonymous> (node:internal/cluster/child:113:7)
    at process.onInternalMessage (node:internal/cluster/utils:49:5)
    at process.emit (node:events:530:35)
    at emit (node:internal/child_process:950:14)
    at process.processTicksAndRejections (node:internal/process/task_queues:83:21)
2025-08-16T17:09:41: (node:95617) [MONGOOSE] DeprecationWarning: Mongoose: the `strictQuery` option will be switched back to `false` by default in Mongoose 7. Use `mongoose.set('strictQuery', false);` if you want to prepare for this change. Or use `mongoose.set('strictQuery', true);` to suppress this warning.
(Use `node --trace-deprecation ...` to show where the warning was created)
Error: bind EADDRINUSE null:3000
    at listenOnPrimaryHandle (node:net:1989:18)
    at rr (node:internal/cluster/child:163:12)
    at Worker.<anonymous> (node:internal/cluster/child:113:7)
    at process.onInternalMessage (node:internal/cluster/utils:49:5)
    at process.emit (node:events:530:35)
    at emit (node:internal/child_process:950:14)
    at process.processTicksAndRejections (node:internal/process/task_queues:83:21)
2025-08-16T17:09:42: (node:95620) [MONGOOSE] DeprecationWarning: Mongoose: the `strictQuery` option will be switched back to `false` by default in Mongoose 7. Use `mongoose.set('strictQuery', false);` if you want to prepare for this change. Or use `mongoose.set('strictQuery', true);` to suppress this warning.
(Use `node --trace-deprecation ...` to show where the warning was created)
Error: bind EADDRINUSE null:3000
    at listenOnPrimaryHandle (node:net:1989:18)
    at rr (node:internal/cluster/child:163:12)
    at Worker.<anonymous> (node:internal/cluster/child:113:7)
    at process.onInternalMessage (node:internal/cluster/utils:49:5)
    at process.emit (node:events:530:35)
    at emit (node:internal/child_process:950:14)
    at process.processTicksAndRejections (node:internal/process/task_queues:83:21)
2025-08-16T17:09:42: (node:95624) [MONGOOSE] DeprecationWarning: Mongoose: the `strictQuery` option will be switched back to `false` by default in Mongoose 7. Use `mongoose.set('strictQuery', false);` if you want to prepare for this change. Or use `mongoose.set('strictQuery', true);` to suppress this warning.
(Use `node --trace-deprecation ...` to show where the warning was created)
Error: bind EADDRINUSE null:3000
    at listenOnPrimaryHandle (node:net:1989:18)
    at rr (node:internal/cluster/child:163:12)
    at Worker.<anonymous> (node:internal/cluster/child:113:7)
    at process.onInternalMessage (node:internal/cluster/utils:49:5)
    at process.emit (node:events:530:35)
    at emit (node:internal/child_process:950:14)
    at process.processTicksAndRejections (node:internal/process/task_queues:83:21)
2025-08-16T17:09:43: (node:95629) [MONGOOSE] DeprecationWarning: Mongoose: the `strictQuery` option will be switched back to `false` by default in Mongoose 7. Use `mongoose.set('strictQuery', false);` if you want to prepare for this change. Or use `mongoose.set('strictQuery', true);` to suppress this warning.
(Use `node --trace-deprecation ...` to show where the warning was created)
Error: bind EADDRINUSE null:3000
    at listenOnPrimaryHandle (node:net:1989:18)
    at rr (node:internal/cluster/child:163:12)
    at Worker.<anonymous> (node:internal/cluster/child:113:7)
    at process.onInternalMessage (node:internal/cluster/utils:49:5)
    at process.emit (node:events:530:35)
    at emit (node:internal/child_process:950:14)
    at process.processTicksAndRejections (node:internal/process/task_queues:83:21)
2025-08-16T17:09:43: (node:95632) [MONGOOSE] DeprecationWarning: Mongoose: the `strictQuery` option will be switched back to `false` by default in Mongoose 7. Use `mongoose.set('strictQuery', false);` if you want to prepare for this change. Or use `mongoose.set('strictQuery', true);` to suppress this warning.
(Use `node --trace-deprecation ...` to show where the warning was created)
Error: bind EADDRINUSE null:3000
    at listenOnPrimaryHandle (node:net:1989:18)
    at rr (node:internal/cluster/child:163:12)
    at Worker.<anonymous> (node:internal/cluster/child:113:7)
    at process.onInternalMessage (node:internal/cluster/utils:49:5)
    at process.emit (node:events:530:35)
    at emit (node:internal/child_process:950:14)
    at process.processTicksAndRejections (node:internal/process/task_queues:83:21)
2025-08-16T17:09:44: (node:95635) [MONGOOSE] DeprecationWarning: Mongoose: the `strictQuery` option will be switched back to `false` by default in Mongoose 7. Use `mongoose.set('strictQuery', false);` if you want to prepare for this change. Or use `mongoose.set('strictQuery', true);` to suppress this warning.
(Use `node --trace-deprecation ...` to show where the warning was created)
Error: bind EADDRINUSE null:3000
    at listenOnPrimaryHandle (node:net:1989:18)
    at rr (node:internal/cluster/child:163:12)
    at Worker.<anonymous> (node:internal/cluster/child:113:7)
    at process.onInternalMessage (node:internal/cluster/utils:49:5)
    at process.emit (node:events:530:35)
    at emit (node:internal/child_process:950:14)
    at process.processTicksAndRejections (node:internal/process/task_queues:83:21)
2025-08-16T17:09:45: (node:95638) [MONGOOSE] DeprecationWarning: Mongoose: the `strictQuery` option will be switched back to `false` by default in Mongoose 7. Use `mongoose.set('strictQuery', false);` if you want to prepare for this change. Or use `mongoose.set('strictQuery', true);` to suppress this warning.
(Use `node --trace-deprecation ...` to show where the warning was created)
Error: bind EADDRINUSE null:3000
    at listenOnPrimaryHandle (node:net:1989:18)
    at rr (node:internal/cluster/child:163:12)
    at Worker.<anonymous> (node:internal/cluster/child:113:7)
    at process.onInternalMessage (node:internal/cluster/utils:49:5)
    at process.emit (node:events:530:35)
    at emit (node:internal/child_process:950:14)
    at process.processTicksAndRejections (node:internal/process/task_queues:83:21)
2025-08-16T17:09:45: (node:95641) [MONGOOSE] DeprecationWarning: Mongoose: the `strictQuery` option will be switched back to `false` by default in Mongoose 7. Use `mongoose.set('strictQuery', false);` if you want to prepare for this change. Or use `mongoose.set('strictQuery', true);` to suppress this warning.
(Use `node --trace-deprecation ...` to show where the warning was created)
Error: bind EADDRINUSE null:3000
    at listenOnPrimaryHandle (node:net:1989:18)
    at rr (node:internal/cluster/child:163:12)
    at Worker.<anonymous> (node:internal/cluster/child:113:7)
    at process.onInternalMessage (node:internal/cluster/utils:49:5)
    at process.emit (node:events:530:35)
    at emit (node:internal/child_process:950:14)
    at process.processTicksAndRejections (node:internal/process/task_queues:83:21)
2025-08-16T17:09:46: (node:95644) [MONGOOSE] DeprecationWarning: Mongoose: the `strictQuery` option will be switched back to `false` by default in Mongoose 7. Use `mongoose.set('strictQuery', false);` if you want to prepare for this change. Or use `mongoose.set('strictQuery', true);` to suppress this warning.
(Use `node --trace-deprecation ...` to show where the warning was created)
Error: bind EADDRINUSE null:3000
    at listenOnPrimaryHandle (node:net:1989:18)
    at rr (node:internal/cluster/child:163:12)
    at Worker.<anonymous> (node:internal/cluster/child:113:7)
    at process.onInternalMessage (node:internal/cluster/utils:49:5)
    at process.emit (node:events:530:35)
    at emit (node:internal/child_process:950:14)
    at process.processTicksAndRejections (node:internal/process/task_queues:83:21)
